

Started GET "/" for 127.0.0.1 at 2015-05-18 20:45:04 -0300
Processing by WelcomeController#index as HTML
  Rendered welcome/index.html.erb within layouts/application (199.3ms)
Completed 200 OK in 8853ms (Views: 8770.4ms | ActiveRecord: 0.0ms)


Started GET "/assets/application.self-e80e8f2318043e8af94dddc2adad5a4f09739a8ebb323b3ab31cd71d45fd9113.css?body=1" for 127.0.0.1 at 2015-05-18 20:45:15 -0300


Started GET "/assets/jquery.self-d03a5518f45df77341bdbe6201ba3bfa547ebba8ed64f0ea56bfa5f96ea7c074.js?body=1" for 127.0.0.1 at 2015-05-18 20:45:15 -0300


Started GET "/assets/jquery_ujs.self-8e98a7a072a6cee1372d19fff9ff3e6aa1e39a37d89d6f06861637d061113ee7.js?body=1" for 127.0.0.1 at 2015-05-18 20:45:15 -0300


Started GET "/assets/turbolinks.self-c37727e9bd6b2735da5c311aa83fead54ed0be6cc8bd9a65309e9c5abe2cbfff.js?body=1" for 127.0.0.1 at 2015-05-18 20:45:16 -0300


Started GET "/assets/welcome.self-e3b0c44298fc1c149afbf4c8996fb92427ae41e4649b934ca495991b7852b855.css?body=1" for 127.0.0.1 at 2015-05-18 20:45:16 -0300


Started GET "/assets/welcome.self-19a187bec6cdb96d6de80a61c16c857c613536adf9138476bd367db38d282635.js?body=1" for 127.0.0.1 at 2015-05-18 20:45:16 -0300


Started GET "/assets/application.self-3b8dabdc891efe46b9a144b400ad69e37d7e5876bdc39dee783419a69d7ca819.js?body=1" for 127.0.0.1 at 2015-05-18 20:45:17 -0300
  [1m[36m (27.2ms)[0m  [1mCREATE TABLE "schema_migrations" ("version" varchar NOT NULL) [0m
  [1m[35m (0.2ms)[0m  select sqlite_version(*)
  [1m[36m (37.9ms)[0m  [1mCREATE UNIQUE INDEX "unique_schema_migrations" ON "schema_migrations" ("version")[0m
  [1m[35mActiveRecord::SchemaMigration Load (2.8ms)[0m  SELECT "schema_migrations".* FROM "schema_migrations"
Migrating to DeviseCreateUsers (20150518235221)
  [1m[36m (0.2ms)[0m  [1mbegin transaction[0m
DEPRECATION WARNING: `#timestamp` was called without specifying an option for `null`. In Rails 5, this behavior will change to `null: false`. You should manually specify `null: true` to prevent the behavior of your existing migrations from changing. (called from block in change at /Volumes/luis/Documentos/Aula/5º Período/Desenvolvimento com Frameworks - 1030382/src/blog/db/migrate/20150518235221_devise_create_users.rb:34)
  [1m[35m (9.0ms)[0m  CREATE TABLE "users" ("id" INTEGER PRIMARY KEY AUTOINCREMENT NOT NULL, "email" varchar DEFAULT '' NOT NULL, "encrypted_password" varchar DEFAULT '' NOT NULL, "reset_password_token" varchar, "reset_password_sent_at" datetime, "remember_created_at" datetime, "sign_in_count" integer DEFAULT 0 NOT NULL, "current_sign_in_at" datetime, "last_sign_in_at" datetime, "current_sign_in_ip" varchar, "last_sign_in_ip" varchar, "created_at" datetime, "updated_at" datetime) 
  [1m[36m (1.8ms)[0m  [1mCREATE UNIQUE INDEX "index_users_on_email" ON "users" ("email")[0m
  [1m[35m (0.2ms)[0m              SELECT sql
            FROM sqlite_master
            WHERE name='index_users_on_email' AND type='index'
            UNION ALL
            SELECT sql
            FROM sqlite_temp_master
            WHERE name='index_users_on_email' AND type='index'

  [1m[36m (0.3ms)[0m  [1mCREATE UNIQUE INDEX "index_users_on_reset_password_token" ON "users" ("reset_password_token")[0m
  [1m[35mSQL (0.4ms)[0m  INSERT INTO "schema_migrations" ("version") VALUES (?)  [["version", "20150518235221"]]
  [1m[36m (19.6ms)[0m  [1mcommit transaction[0m
  [1m[35mActiveRecord::SchemaMigration Load (10.7ms)[0m  SELECT "schema_migrations".* FROM "schema_migrations"
  [1m[36m (9.5ms)[0m  [1m            SELECT sql
            FROM sqlite_master
            WHERE name='index_users_on_reset_password_token' AND type='index'
            UNION ALL
            SELECT sql
            FROM sqlite_temp_master
            WHERE name='index_users_on_reset_password_token' AND type='index'
[0m
  [1m[35m (7.5ms)[0m              SELECT sql
            FROM sqlite_master
            WHERE name='index_users_on_email' AND type='index'
            UNION ALL
            SELECT sql
            FROM sqlite_temp_master
            WHERE name='index_users_on_email' AND type='index'

  [1m[36m (0.2ms)[0m  [1mbegin transaction[0m
  [1m[35mUser Exists (77.8ms)[0m  SELECT  1 AS one FROM "users" WHERE "users"."email" = 'luis@blog.com' LIMIT 1
  [1m[36m (8.9ms)[0m  [1mrollback transaction[0m
  [1m[35mUser Load (31.3ms)[0m  SELECT "users".* FROM "users"
  [1m[36m (0.2ms)[0m  [1mbegin transaction[0m
  [1m[35mUser Exists (28.2ms)[0m  SELECT  1 AS one FROM "users" WHERE "users"."email" = 'luis@blog.com' LIMIT 1
  [1m[36m (5.0ms)[0m  [1mrollback transaction[0m
  [1m[35mUser Load (30.6ms)[0m  SELECT "users".* FROM "users"
  [1m[36m (0.2ms)[0m  [1mbegin transaction[0m
  [1m[35mUser Exists (29.5ms)[0m  SELECT  1 AS one FROM "users" WHERE "users"."email" = 'luis@blog.com' LIMIT 1
  [1m[36m (4.8ms)[0m  [1mrollback transaction[0m
  [1m[35mUser Load (27.2ms)[0m  SELECT "users".* FROM "users"
  [1m[36m (0.2ms)[0m  [1mbegin transaction[0m
  [1m[35mUser Exists (21.5ms)[0m  SELECT  1 AS one FROM "users" WHERE "users"."email" = 'luiss@blog.com' LIMIT 1
  [1m[36m (8.1ms)[0m  [1mrollback transaction[0m
  [1m[35m (0.1ms)[0m  begin transaction
  [1m[36mUser Exists (21.7ms)[0m  [1mSELECT  1 AS one FROM "users" WHERE "users"."email" = 'luis@blog.com' LIMIT 1[0m
  [1m[35m (12.0ms)[0m  rollback transaction
